{"C:\\Users\\mateu\\Documents\\jsExpert\\design-patterns-behaviour-and-structural\\observer-pattern\\src\\events\\payment.js": {"path":"C:\\Users\\mateu\\Documents\\jsExpert\\design-patterns-behaviour-and-structural\\observer-pattern\\src\\events\\payment.js","all":false,"statementMap":{"0":{"start":{"line":1,"column":0},"end":{"line":1,"column":29}},"1":{"start":{"line":2,"column":0},"end":{"line":2,"column":32}},"2":{"start":{"line":3,"column":0},"end":{"line":3,"column":44}},"3":{"start":{"line":4,"column":0},"end":{"line":4,"column":5}},"4":{"start":{"line":5,"column":0},"end":{"line":5,"column":0}},"5":{"start":{"line":6,"column":0},"end":{"line":6,"column":28}},"6":{"start":{"line":7,"column":0},"end":{"line":7,"column":71}},"7":{"start":{"line":8,"column":0},"end":{"line":8,"column":47}},"8":{"start":{"line":9,"column":0},"end":{"line":9,"column":0}},"9":{"start":{"line":10,"column":0},"end":{"line":10,"column":5}},"10":{"start":{"line":11,"column":0},"end":{"line":11,"column":1}}},"s":{"0":1,"1":2,"2":2,"3":2,"4":2,"5":2,"6":1,"7":1,"8":1,"9":1,"10":1},"branchMap":{"0":{"type":"branch","line":1,"loc":{"start":{"line":1,"column":0},"end":{"line":1,"column":21}},"locations":[{"start":{"line":1,"column":0},"end":{"line":1,"column":21}}]},"1":{"type":"branch","line":1,"loc":{"start":{"line":1,"column":21},"end":{"line":7,"column":48}},"locations":[{"start":{"line":1,"column":21},"end":{"line":7,"column":48}}]}},"b":{"0":[2],"1":[2]},"fnMap":{"0":{"name":"Payment","decl":{"start":{"line":1,"column":0},"end":{"line":1,"column":21}},"loc":{"start":{"line":1,"column":0},"end":{"line":1,"column":21}},"line":1},"1":{"name":"creditCard","decl":{"start":{"line":1,"column":21},"end":{"line":7,"column":48}},"loc":{"start":{"line":1,"column":21},"end":{"line":7,"column":48}},"line":1}},"f":{"0":2,"1":2}}
,"C:\\Users\\mateu\\Documents\\jsExpert\\design-patterns-behaviour-and-structural\\observer-pattern\\src\\events\\subjescts\\paymentSubjesct.js": {"path":"C:\\Users\\mateu\\Documents\\jsExpert\\design-patterns-behaviour-and-structural\\observer-pattern\\src\\events\\subjescts\\paymentSubjesct.js","all":false,"statementMap":{"0":{"start":{"line":1,"column":0},"end":{"line":1,"column":36}},"1":{"start":{"line":2,"column":0},"end":{"line":2,"column":0}},"2":{"start":{"line":3,"column":0},"end":{"line":3,"column":26}},"3":{"start":{"line":4,"column":0},"end":{"line":4,"column":17}},"4":{"start":{"line":5,"column":0},"end":{"line":5,"column":66}},"5":{"start":{"line":6,"column":0},"end":{"line":6,"column":5}},"6":{"start":{"line":7,"column":0},"end":{"line":7,"column":0}},"7":{"start":{"line":8,"column":0},"end":{"line":8,"column":28}},"8":{"start":{"line":9,"column":0},"end":{"line":9,"column":42}},"9":{"start":{"line":10,"column":0},"end":{"line":10,"column":5}},"10":{"start":{"line":11,"column":0},"end":{"line":11,"column":0}},"11":{"start":{"line":12,"column":0},"end":{"line":12,"column":26}},"12":{"start":{"line":13,"column":0},"end":{"line":13,"column":39}},"13":{"start":{"line":14,"column":0},"end":{"line":14,"column":5}},"14":{"start":{"line":15,"column":0},"end":{"line":15,"column":0}},"15":{"start":{"line":16,"column":0},"end":{"line":16,"column":1}}},"s":{"0":4,"1":3,"2":1,"3":1,"4":1,"5":4,"6":4,"7":4,"8":1,"9":1,"10":1,"11":1,"12":1,"13":1,"14":1,"15":1},"branchMap":{"0":{"type":"branch","line":1,"loc":{"start":{"line":1,"column":0},"end":{"line":3,"column":24}},"locations":[{"start":{"line":1,"column":0},"end":{"line":3,"column":24}}]},"1":{"type":"branch","line":1,"loc":{"start":{"line":1,"column":15},"end":{"line":3,"column":17}},"locations":[{"start":{"line":1,"column":15},"end":{"line":3,"column":17}}]},"2":{"type":"branch","line":4,"loc":{"start":{"line":4,"column":-2},"end":{"line":5,"column":59}},"locations":[{"start":{"line":4,"column":-2},"end":{"line":5,"column":59}}]},"3":{"type":"branch","line":5,"loc":{"start":{"line":5,"column":53},"end":{"line":9,"column":30}},"locations":[{"start":{"line":5,"column":53},"end":{"line":9,"column":30}}]}},"b":{"0":[4],"1":[3],"2":[1],"3":[4]},"fnMap":{"0":{"name":"notify","decl":{"start":{"line":1,"column":0},"end":{"line":3,"column":24}},"loc":{"start":{"line":1,"column":0},"end":{"line":3,"column":24}},"line":1},"1":{"name":"unsubscribe","decl":{"start":{"line":4,"column":-2},"end":{"line":5,"column":59}},"loc":{"start":{"line":4,"column":-2},"end":{"line":5,"column":59}},"line":4},"2":{"name":"subscribe","decl":{"start":{"line":5,"column":53},"end":{"line":9,"column":30}},"loc":{"start":{"line":5,"column":53},"end":{"line":9,"column":30}},"line":5}},"f":{"0":4,"1":1,"2":4}}
,"C:\\Users\\mateu\\Documents\\jsExpert\\design-patterns-behaviour-and-structural\\observer-pattern\\src\\observers\\marketing.js": {"path":"C:\\Users\\mateu\\Documents\\jsExpert\\design-patterns-behaviour-and-structural\\observer-pattern\\src\\observers\\marketing.js","all":false,"statementMap":{"0":{"start":{"line":1,"column":0},"end":{"line":1,"column":31}},"1":{"start":{"line":2,"column":0},"end":{"line":2,"column":27}},"2":{"start":{"line":3,"column":0},"end":{"line":3,"column":94}},"3":{"start":{"line":4,"column":0},"end":{"line":4,"column":98}},"4":{"start":{"line":5,"column":0},"end":{"line":5,"column":35}},"5":{"start":{"line":6,"column":0},"end":{"line":6,"column":87}},"6":{"start":{"line":7,"column":0},"end":{"line":7,"column":5}},"7":{"start":{"line":8,"column":0},"end":{"line":8,"column":1}}},"s":{"0":1,"1":1,"2":1,"3":1,"4":1,"5":1,"6":1,"7":1},"branchMap":{"0":{"type":"branch","line":1,"loc":{"start":{"line":1,"column":0},"end":{"line":5,"column":35}},"locations":[{"start":{"line":1,"column":0},"end":{"line":5,"column":35}}]}},"b":{"0":[1]},"fnMap":{"0":{"name":"update","decl":{"start":{"line":1,"column":0},"end":{"line":5,"column":35}},"loc":{"start":{"line":1,"column":0},"end":{"line":5,"column":35}},"line":1}},"f":{"0":1}}
,"C:\\Users\\mateu\\Documents\\jsExpert\\design-patterns-behaviour-and-structural\\observer-pattern\\src\\observers\\shipment.js": {"path":"C:\\Users\\mateu\\Documents\\jsExpert\\design-patterns-behaviour-and-structural\\observer-pattern\\src\\observers\\shipment.js","all":false,"statementMap":{"0":{"start":{"line":1,"column":0},"end":{"line":1,"column":30}},"1":{"start":{"line":2,"column":0},"end":{"line":2,"column":1}},"2":{"start":{"line":3,"column":0},"end":{"line":3,"column":27}},"3":{"start":{"line":4,"column":0},"end":{"line":4,"column":84}},"4":{"start":{"line":5,"column":0},"end":{"line":5,"column":5}},"5":{"start":{"line":6,"column":0},"end":{"line":6,"column":1}}},"s":{"0":1,"1":1,"2":1,"3":1,"4":1,"5":1},"branchMap":{"0":{"type":"branch","line":1,"loc":{"start":{"line":1,"column":0},"end":{"line":3,"column":25}},"locations":[{"start":{"line":1,"column":0},"end":{"line":3,"column":25}}]}},"b":{"0":[1]},"fnMap":{"0":{"name":"update","decl":{"start":{"line":1,"column":0},"end":{"line":3,"column":25}},"loc":{"start":{"line":1,"column":0},"end":{"line":3,"column":25}},"line":1}},"f":{"0":1}}
}
